# JRE version: OpenJDK Runtime Environment (21.0.8) (build 21.0.8+-14196175-b1038.72)
# Java VM: OpenJDK 64-Bit Server VM (21.0.8+-14196175-b1038.72, mixed mode, tiered, compressed oops, compressed class ptrs, g1 gc, windows-amd64)
GC Precious Log:
 CardTable entry size: 512
 Card Set container configuration: InlinePtr #cards 5 size 8 Array Of Cards #cards 12 size 40 Howl #buckets 4 coarsen threshold 1843 Howl Bitmap #cards 512 size 80 coarsen threshold 460 Card regions per heap region 1 cards per card region 2048
 CPUs: 8 total, 8 available
 Memory: 8059M
 Large Page Support: Disabled
 NUMA Support: Disabled
 Compressed Oops: Enabled (32-bit)
 Heap Region Size: 1M
 Heap Min Capacity: 8M
 Heap Initial Capacity: 126M
 Heap Max Capacity: 2G
 Pre-touch: Disabled
 Parallel Workers: 8
 Concurrent Workers: 2
 Concurrent Refinement Workers: 8
 Periodic GC: Disabled
Heap:
 garbage-first heap   total 95232K, used 85704K [0x0000000080000000, 0x0000000100000000)
  region size 1024K, 50 young (51200K), 6 survivors (6144K)
 Metaspace       used 58015K, committed 59456K, reserved 1114112K
  class space    used 8047K, committed 8768K, reserved 1048576K
GC Heap History (20 events):
Event: 0.777 GC heap after
{Heap after GC invocations=1 (full 0):
 garbage-first heap   total 129024K, used 2218K [0x0000000080000000, 0x0000000100000000)
  region size 1024K, 3 young (3072K), 3 survivors (3072K)
 Metaspace       used 8097K, committed 8256K, reserved 1114112K
  class space    used 746K, committed 832K, reserved 1048576K
}
Event: 2.318 GC heap before
{Heap before GC invocations=1 (full 0):
 garbage-first heap   total 129024K, used 41130K [0x0000000080000000, 0x0000000100000000)
  region size 1024K, 39 young (39936K), 3 survivors (3072K)
 Metaspace       used 12375K, committed 12608K, reserved 1114112K
  class space    used 1351K, committed 1472K, reserved 1048576K
}
Event: 2.323 GC heap after
{Heap after GC invocations=2 (full 0):
 garbage-first heap   total 129024K, used 11009K [0x0000000080000000, 0x0000000100000000)
  region size 1024K, 5 young (5120K), 5 survivors (5120K)
 Metaspace       used 12375K, committed 12608K, reserved 1114112K
  class space    used 1351K, committed 1472K, reserved 1048576K
}
Event: 5.761 GC heap before
{Heap before GC invocations=2 (full 0):
 garbage-first heap   total 129024K, used 67329K [0x0000000080000000, 0x0000000100000000)
  region size 1024K, 58 young (59392K), 5 survivors (5120K)
 Metaspace       used 17305K, committed 17536K, reserved 1114112K
  class space    used 2008K, committed 2112K, reserved 1048576K
}
Event: 5.806 GC heap after
{Heap after GC invocations=3 (full 0):
 garbage-first heap   total 129024K, used 18422K [0x0000000080000000, 0x0000000100000000)
  region size 1024K, 7 young (7168K), 7 survivors (7168K)
 Metaspace       used 17305K, committed 17536K, reserved 1114112K
  class space    used 2008K, committed 2112K, reserved 1048576K
}
Event: 58.342 GC heap before
{Heap before GC invocations=3 (full 0):
 garbage-first heap   total 129024K, used 34806K [0x0000000080000000, 0x0000000100000000)
  region size 1024K, 24 young (24576K), 7 survivors (7168K)
 Metaspace       used 21253K, committed 21504K, reserved 1114112K
  class space    used 2525K, committed 2624K, reserved 1048576K
}
Event: 58.349 GC heap after
{Heap after GC invocations=4 (full 0):
 garbage-first heap   total 129024K, used 20343K [0x0000000080000000, 0x0000000100000000)
  region size 1024K, 3 young (3072K), 3 survivors (3072K)
 Metaspace       used 21253K, committed 21504K, reserved 1114112K
  class space    used 2525K, committed 2624K, reserved 1048576K
}
Event: 59.574 GC heap before
{Heap before GC invocations=5 (full 0):
 garbage-first heap   total 71680K, used 70519K [0x0000000080000000, 0x0000000100000000)
  region size 1024K, 52 young (53248K), 3 survivors (3072K)
 Metaspace       used 29460K, committed 29952K, reserved 1114112K
  class space    used 3866K, committed 4096K, reserved 1048576K
}
Event: 59.591 GC heap after
{Heap after GC invocations=6 (full 0):
 garbage-first heap   total 76800K, used 23096K [0x0000000080000000, 0x0000000100000000)
  region size 1024K, 5 young (5120K), 5 survivors (5120K)
 Metaspace       used 29460K, committed 29952K, reserved 1114112K
  class space    used 3866K, committed 4096K, reserved 1048576K
}
Event: 60.582 GC heap before
{Heap before GC invocations=6 (full 0):
 garbage-first heap   total 76800K, used 62008K [0x0000000080000000, 0x0000000100000000)
  region size 1024K, 43 young (44032K), 5 survivors (5120K)
 Metaspace       used 34559K, committed 35392K, reserved 1114112K
  class space    used 4781K, committed 5184K, reserved 1048576K
}
Event: 60.587 GC heap after
{Heap after GC invocations=7 (full 0):
 garbage-first heap   total 76800K, used 25480K [0x0000000080000000, 0x0000000100000000)
  region size 1024K, 6 young (6144K), 6 survivors (6144K)
 Metaspace       used 34559K, committed 35392K, reserved 1114112K
  class space    used 4781K, committed 5184K, reserved 1048576K
}
Event: 60.644 GC heap before
{Heap before GC invocations=7 (full 0):
 garbage-first heap   total 76800K, used 28552K [0x0000000080000000, 0x0000000100000000)
  region size 1024K, 10 young (10240K), 6 survivors (6144K)
 Metaspace       used 35177K, committed 35968K, reserved 1114112K
  class space    used 4861K, committed 5248K, reserved 1048576K
}
Event: 60.648 GC heap after
{Heap after GC invocations=8 (full 0):
 garbage-first heap   total 76800K, used 25748K [0x0000000080000000, 0x0000000100000000)
  region size 1024K, 4 young (4096K), 4 survivors (4096K)
 Metaspace       used 35177K, committed 35968K, reserved 1114112K
  class space    used 4861K, committed 5248K, reserved 1048576K
}
Event: 61.464 GC heap before
{Heap before GC invocations=9 (full 0):
 garbage-first heap   total 76800K, used 63636K [0x0000000080000000, 0x0000000100000000)
  region size 1024K, 41 young (41984K), 4 survivors (4096K)
 Metaspace       used 42791K, committed 43712K, reserved 1114112K
  class space    used 5888K, committed 6336K, reserved 1048576K
}
Event: 61.469 GC heap after
{Heap after GC invocations=10 (full 0):
 garbage-first heap   total 92160K, used 29052K [0x0000000080000000, 0x0000000100000000)
  region size 1024K, 6 young (6144K), 6 survivors (6144K)
 Metaspace       used 42791K, committed 43712K, reserved 1114112K
  class space    used 5888K, committed 6336K, reserved 1048576K
}
Event: 62.448 GC heap before
{Heap before GC invocations=10 (full 0):
 garbage-first heap   total 92160K, used 82300K [0x0000000080000000, 0x0000000100000000)
  region size 1024K, 54 young (55296K), 6 survivors (6144K)
 Metaspace       used 47288K, committed 48256K, reserved 1114112K
  class space    used 6385K, committed 6848K, reserved 1048576K
}
Event: 62.455 GC heap after
{Heap after GC invocations=11 (full 0):
 garbage-first heap   total 95232K, used 33366K [0x0000000080000000, 0x0000000100000000)
  region size 1024K, 7 young (7168K), 7 survivors (7168K)
 Metaspace       used 47288K, committed 48256K, reserved 1114112K
  class space    used 6385K, committed 6848K, reserved 1048576K
}
Event: 64.022 GC heap before
{Heap before GC invocations=11 (full 0):
 garbage-first heap   total 95232K, used 81494K [0x0000000080000000, 0x0000000100000000)
  region size 1024K, 54 young (55296K), 7 survivors (7168K)
 Metaspace       used 53123K, committed 54464K, reserved 1114112K
  class space    used 7387K, committed 8064K, reserved 1048576K
}
Event: 64.028 GC heap after
{Heap after GC invocations=12 (full 0):
 garbage-first heap   total 95232K, used 36552K [0x0000000080000000, 0x0000000100000000)
  region size 1024K, 7 young (7168K), 7 survivors (7168K)
 Metaspace       used 53123K, committed 54464K, reserved 1114112K
  class space    used 7387K, committed 8064K, reserved 1048576K
}
Event: 65.974 GC heap before
{Heap before GC invocations=12 (full 0):
 garbage-first heap   total 95232K, used 84680K [0x0000000080000000, 0x0000000100000000)
  region size 1024K, 51 young (52224K), 7 survivors (7168K)
 Metaspace       used 58015K, committed 59456K, reserved 1114112K
  class space    used 8047K, committed 8768K, reserved 1048576K
}

