# JRE version: OpenJDK Runtime Environment (21.0.8) (build 21.0.8+-14196175-b1038.72)
# Java VM: OpenJDK 64-Bit Server VM (21.0.8+-14196175-b1038.72, mixed mode, tiered, compressed oops, compressed class ptrs, g1 gc, windows-amd64)
GC Precious Log:
 CardTable entry size: 512
 Card Set container configuration: InlinePtr #cards 5 size 8 Array Of Cards #cards 12 size 40 Howl #buckets 4 coarsen threshold 1843 Howl Bitmap #cards 512 size 80 coarsen threshold 460 Card regions per heap region 1 cards per card region 2048
 CPUs: 8 total, 8 available
 Memory: 8059M
 Large Page Support: Disabled
 NUMA Support: Disabled
 Compressed Oops: Enabled (32-bit)
 Heap Region Size: 1M
 Heap Min Capacity: 8M
 Heap Initial Capacity: 126M
 Heap Max Capacity: 2G
 Pre-touch: Disabled
 Parallel Workers: 8
 Concurrent Workers: 2
 Concurrent Refinement Workers: 8
 Periodic GC: Disabled
Heap:
 garbage-first heap   total 244736K, used 165756K [0x0000000080000000, 0x0000000100000000)
  region size 1024K, 24 young (24576K), 6 survivors (6144K)
 Metaspace       used 131114K, committed 133376K, reserved 1179648K
  class space    used 18174K, committed 19264K, reserved 1048576K
GC Heap History (20 events):
Event: 82.213 GC heap before
{Heap before GC invocations=46 (full 0):
 garbage-first heap   total 181248K, used 163692K [0x0000000080000000, 0x0000000100000000)
  region size 1024K, 58 young (59392K), 6 survivors (6144K)
 Metaspace       used 122791K, committed 124992K, reserved 1179648K
  class space    used 17223K, committed 18304K, reserved 1048576K
}
Event: 82.249 GC heap after
{Heap after GC invocations=47 (full 0):
 garbage-first heap   total 181248K, used 112640K [0x0000000080000000, 0x0000000100000000)
  region size 1024K, 6 young (6144K), 6 survivors (6144K)
 Metaspace       used 122791K, committed 124992K, reserved 1179648K
  class space    used 17223K, committed 18304K, reserved 1048576K
}
Event: 86.043 GC heap before
{Heap before GC invocations=47 (full 0):
 garbage-first heap   total 181248K, used 164864K [0x0000000080000000, 0x0000000100000000)
  region size 1024K, 57 young (58368K), 6 survivors (6144K)
 Metaspace       used 124311K, committed 126528K, reserved 1179648K
  class space    used 17436K, committed 18496K, reserved 1048576K
}
Event: 86.099 GC heap after
{Heap after GC invocations=48 (full 0):
 garbage-first heap   total 181248K, used 118725K [0x0000000080000000, 0x0000000100000000)
  region size 1024K, 8 young (8192K), 8 survivors (8192K)
 Metaspace       used 124311K, committed 126528K, reserved 1179648K
  class space    used 17436K, committed 18496K, reserved 1048576K
}
Event: 87.887 GC heap before
{Heap before GC invocations=49 (full 0):
 garbage-first heap   total 198656K, used 160709K [0x0000000080000000, 0x0000000100000000)
  region size 1024K, 50 young (51200K), 8 survivors (8192K)
 Metaspace       used 125271K, committed 127488K, reserved 1179648K
  class space    used 17493K, committed 18560K, reserved 1048576K
}
Event: 87.895 GC heap after
{Heap after GC invocations=50 (full 0):
 garbage-first heap   total 198656K, used 126458K [0x0000000080000000, 0x0000000100000000)
  region size 1024K, 7 young (7168K), 7 survivors (7168K)
 Metaspace       used 125271K, committed 127488K, reserved 1179648K
  class space    used 17493K, committed 18560K, reserved 1048576K
}
Event: 139.707 GC heap before
{Heap before GC invocations=50 (full 0):
 garbage-first heap   total 198656K, used 183802K [0x0000000080000000, 0x0000000100000000)
  region size 1024K, 59 young (60416K), 7 survivors (7168K)
 Metaspace       used 129684K, committed 131904K, reserved 1179648K
  class space    used 17994K, committed 19072K, reserved 1048576K
}
Event: 139.747 GC heap after
{Heap after GC invocations=51 (full 0):
 garbage-first heap   total 202752K, used 133700K [0x0000000080000000, 0x0000000100000000)
  region size 1024K, 8 young (8192K), 8 survivors (8192K)
 Metaspace       used 129684K, committed 131904K, reserved 1179648K
  class space    used 17994K, committed 19072K, reserved 1048576K
}
Event: 160.697 GC heap before
{Heap before GC invocations=51 (full 0):
 garbage-first heap   total 202752K, used 182852K [0x0000000080000000, 0x0000000100000000)
  region size 1024K, 56 young (57344K), 8 survivors (8192K)
 Metaspace       used 129854K, committed 132032K, reserved 1179648K
  class space    used 18002K, committed 19072K, reserved 1048576K
}
Event: 161.295 GC heap after
{Heap after GC invocations=52 (full 0):
 garbage-first heap   total 202752K, used 140052K [0x0000000080000000, 0x0000000100000000)
  region size 1024K, 6 young (6144K), 6 survivors (6144K)
 Metaspace       used 129854K, committed 132032K, reserved 1179648K
  class space    used 18002K, committed 19072K, reserved 1048576K
}
Event: 168.929 GC heap before
{Heap before GC invocations=53 (full 0):
 garbage-first heap   total 235520K, used 182036K [0x0000000080000000, 0x0000000100000000)
  region size 1024K, 48 young (49152K), 6 survivors (6144K)
 Metaspace       used 129879K, committed 132096K, reserved 1179648K
  class space    used 18002K, committed 19072K, reserved 1048576K
}
Event: 168.935 GC heap after
{Heap after GC invocations=54 (full 0):
 garbage-first heap   total 235520K, used 141903K [0x0000000080000000, 0x0000000100000000)
  region size 1024K, 4 young (4096K), 4 survivors (4096K)
 Metaspace       used 129879K, committed 132096K, reserved 1179648K
  class space    used 18002K, committed 19072K, reserved 1048576K
}
Event: 174.195 GC heap before
{Heap before GC invocations=54 (full 0):
 garbage-first heap   total 235520K, used 211535K [0x0000000080000000, 0x0000000100000000)
  region size 1024K, 73 young (74752K), 4 survivors (4096K)
 Metaspace       used 130425K, committed 132672K, reserved 1179648K
  class space    used 18106K, committed 19200K, reserved 1048576K
}
Event: 174.205 GC heap after
{Heap after GC invocations=55 (full 0):
 garbage-first heap   total 235520K, used 143551K [0x0000000080000000, 0x0000000100000000)
  region size 1024K, 7 young (7168K), 7 survivors (7168K)
 Metaspace       used 130425K, committed 132672K, reserved 1179648K
  class space    used 18106K, committed 19200K, reserved 1048576K
}
Event: 179.577 GC heap before
{Heap before GC invocations=55 (full 0):
 garbage-first heap   total 235520K, used 213183K [0x0000000080000000, 0x0000000100000000)
  region size 1024K, 76 young (77824K), 7 survivors (7168K)
 Metaspace       used 130509K, committed 132736K, reserved 1179648K
  class space    used 18115K, committed 19200K, reserved 1048576K
}
Event: 179.586 GC heap after
{Heap after GC invocations=56 (full 0):
 garbage-first heap   total 235520K, used 145867K [0x0000000080000000, 0x0000000100000000)
  region size 1024K, 5 young (5120K), 5 survivors (5120K)
 Metaspace       used 130509K, committed 132736K, reserved 1179648K
  class space    used 18115K, committed 19200K, reserved 1048576K
}
Event: 183.868 GC heap before
{Heap before GC invocations=57 (full 0):
 garbage-first heap   total 244736K, used 215499K [0x0000000080000000, 0x0000000100000000)
  region size 1024K, 74 young (75776K), 5 survivors (5120K)
 Metaspace       used 130902K, committed 133184K, reserved 1179648K
  class space    used 18157K, committed 19264K, reserved 1048576K
}
Event: 183.889 GC heap after
{Heap after GC invocations=58 (full 0):
 garbage-first heap   total 244736K, used 148939K [0x0000000080000000, 0x0000000100000000)
  region size 1024K, 8 young (8192K), 8 survivors (8192K)
 Metaspace       used 130902K, committed 133184K, reserved 1179648K
  class space    used 18157K, committed 19264K, reserved 1048576K
}
Event: 188.056 GC heap before
{Heap before GC invocations=58 (full 0):
 garbage-first heap   total 244736K, used 221643K [0x0000000080000000, 0x0000000100000000)
  region size 1024K, 80 young (81920K), 8 survivors (8192K)
 Metaspace       used 131105K, committed 133312K, reserved 1179648K
  class space    used 18174K, committed 19264K, reserved 1048576K
}
Event: 188.074 GC heap after
{Heap after GC invocations=59 (full 0):
 garbage-first heap   total 244736K, used 149372K [0x0000000080000000, 0x0000000100000000)
  region size 1024K, 6 young (6144K), 6 survivors (6144K)
 Metaspace       used 131105K, committed 133312K, reserved 1179648K
  class space    used 18174K, committed 19264K, reserved 1048576K
}

